<?xml version="1.0" encoding="UTF-8"?>
<!-- Generated by org.testng.reporters.JUnitXMLReporter -->
<testsuite ignored="0" hostname="LAPTOP-0UT6NCQI" failures="2" tests="6" name="Test" time="53.78" errors="0" timestamp="2023-07-14T11:01:30 IST">
  <testcase classname="com.scm.testscripts.patiquette.CreateretailerTest" name="createretailerTest" time="5.667"/>
  <testcase classname="com.scm.testscripts.patiquette.Manufacturer_stcTest" name="manufacturerTest" time="9.771">
    <failure type="java.lang.AssertionError" message="The following asserts failed:
	expected [Admin: Home] but found [Home],
	expected [Manufacturer: Home] but found [View Products]">
      <![CDATA[java.lang.AssertionError: The following asserts failed:
expected [Admin: Home] but found [Home],
expected [Manufacturer: Home] but found [View Products]
at com.scm.testscripts.patiquette.Manufacturer_stcTest.manufacturerTest(Manufacturer_stcTest.java:105)
at java.base/java.util.ArrayList.forEach(ArrayList.java:1511)
... Removed 29 stack frames]]>
    </failure>
  </testcase> <!-- manufacturerTest -->
  <testcase classname="com.scm.testscripts.patiquette.Upadatestocks_STCTest" name="updatestocksTest" time="9.877">
    <failure type="java.lang.AssertionError" message="The following asserts failed:
	expected [Add Product] but found [View Products],
	expected [Add Product] but found [Manage Stock]">
      <![CDATA[java.lang.AssertionError: The following asserts failed:
expected [Add Product] but found [View Products],
expected [Add Product] but found [Manage Stock]
at com.scm.testscripts.patiquette.Upadatestocks_STCTest.updatestocksTest(Upadatestocks_STCTest.java:92)
at java.base/java.util.ArrayList.forEach(ArrayList.java:1511)
... Removed 29 stack frames]]>
    </failure>
  </testcase> <!-- updatestocksTest -->
  <testcase classname="com.scm.testscripts.patiquette.PlaceorderTest" name="placeorder" time="10.475"/>
  <testcase classname="com.scm.testscripts.patiquette.SearchorderbydateTest" name="searchorder" time="4.671"/>
  <testcase classname="com.scm.testscripts.patiquette.LoginadminTest" name="logintest" time="0.864"/>
</testsuite> <!-- Test -->
