<html>
<head>
<title>TestNG:  Test</title>
<link href="../testng.css" rel="stylesheet" type="text/css" />
<link href="../my-testng.css" rel="stylesheet" type="text/css" />

<style type="text/css">
.log { display: none;} 
.stack-trace { display: none;} 
</style>
<script type="text/javascript">
<!--
function flip(e) {
  current = e.style.display;
  if (current == 'block') {
    e.style.display = 'none';
    return 0;
  }
  else {
    e.style.display = 'block';
    return 1;
  }
}

function toggleBox(szDivId, elem, msg1, msg2)
{
  var res = -1;  if (document.getElementById) {
    res = flip(document.getElementById(szDivId));
  }
  else if (document.all) {
    // this is the way old msie versions work
    res = flip(document.all[szDivId]);
  }
  if(elem) {
    if(res == 0) elem.innerHTML = msg1; else elem.innerHTML = msg2;
  }

}

function toggleAllBoxes() {
  if (document.getElementsByTagName) {
    d = document.getElementsByTagName('div');
    for (i = 0; i < d.length; i++) {
      if (d[i].className == 'log') {
        flip(d[i]);
      }
    }
  }
}

// -->
</script>

</head>
<body>
<h2 align='center'>Test</h2><table border='1' align="center">
<tr>
<td>Tests passed/Failed/Skipped:</td><td>4/2/0</td>
</tr><tr>
<td>Started on:</td><td>Fri Jul 14 11:00:36 IST 2023</td>
</tr>
<tr><td>Total time:</td><td>53 seconds (53780 ms)</td>
</tr><tr>
<td>Included groups:</td><td></td>
</tr><tr>
<td>Excluded groups:</td><td></td>
</tr>
</table><p/>
<small><i>(Hover the method name to see the test class name)</i></small><p/>
<table width='100%' border='1' class='invocation-failed'>
<tr><td colspan='4' align='center'><b>FAILED TESTS</b></td></tr>
<tr><td><b>Test method</b></td>
<td width="30%"><b>Exception</b></td>
<td width="10%"><b>Time (seconds)</b></td>
<td><b>Instance</b></td>
</tr>
<tr>
<td title='com.scm.testscripts.patiquette.Manufacturer_stcTest.manufacturerTest()'><b>manufacturerTest</b><br>Test class: com.scm.testscripts.patiquette.Manufacturer_stcTest<br/>
<a href="#Output-1969752268" onClick='toggleBox("Output-1969752268", this, "Show output", "Hide output");'>Show output</a>

<a href="#Output-1969752268" onClick="toggleAllBoxes();">Show all outputs</a>
<div class='log' id="Output-1969752268">
add manufactrer page is displayed<br/>
manufacturer created successfully<br/>
logout as admin<br/>
logged in as manufacturer<br/>
products page is displayed<br/>
product created successfully<br/>
retailers page is displayed<br/>
</div>
</td>
<td><div><pre>java.lang.AssertionError: The following asserts failed:
	expected [Admin: Home] but found [Home],
	expected [Manufacturer: Home] but found [View Products]
	at com.scm.testscripts.patiquette.Manufacturer_stcTest.manufacturerTest(Manufacturer_stcTest.java:105)
	at java.base/java.util.ArrayList.forEach(ArrayList.java:1511)
... Removed 29 stack frames</pre></div><a href='#' onClick='toggleBox("stack-trace1969752268", this, "Click to show all stack frames", "Click to hide stack frames")'>Click to show all stack frames</a>
<div class='stack-trace' id='stack-trace1969752268'><pre>java.lang.AssertionError: The following asserts failed:
	expected [Admin: Home] but found [Home],
	expected [Manufacturer: Home] but found [View Products]
	at org.testng.asserts.SoftAssert.assertAll(SoftAssert.java:47)
	at org.testng.asserts.SoftAssert.assertAll(SoftAssert.java:31)
	at com.scm.testscripts.patiquette.Manufacturer_stcTest.manufacturerTest(Manufacturer_stcTest.java:105)
	at java.base/jdk.internal.reflect.NativeMethodAccessorImpl.invoke0(Native Method)
	at java.base/jdk.internal.reflect.NativeMethodAccessorImpl.invoke(NativeMethodAccessorImpl.java:77)
	at java.base/jdk.internal.reflect.DelegatingMethodAccessorImpl.invoke(DelegatingMethodAccessorImpl.java:43)
	at java.base/java.lang.reflect.Method.invoke(Method.java:568)
	at org.testng.internal.MethodInvocationHelper.invokeMethod(MethodInvocationHelper.java:133)
	at org.testng.internal.TestInvoker.invokeMethod(TestInvoker.java:598)
	at org.testng.internal.TestInvoker.invokeTestMethod(TestInvoker.java:173)
	at org.testng.internal.MethodRunner.runInSequence(MethodRunner.java:46)
	at org.testng.internal.TestInvoker$MethodInvocationAgent.invoke(TestInvoker.java:824)
	at org.testng.internal.TestInvoker.invokeTestMethods(TestInvoker.java:146)
	at org.testng.internal.TestMethodWorker.invokeTestMethods(TestMethodWorker.java:146)
	at org.testng.internal.TestMethodWorker.run(TestMethodWorker.java:128)
	at java.base/java.util.ArrayList.forEach(ArrayList.java:1511)
	at org.testng.TestRunner.privateRun(TestRunner.java:794)
	at org.testng.TestRunner.run(TestRunner.java:596)
	at org.testng.SuiteRunner.runTest(SuiteRunner.java:377)
	at org.testng.SuiteRunner.runSequentially(SuiteRunner.java:371)
	at org.testng.SuiteRunner.privateRun(SuiteRunner.java:332)
	at org.testng.SuiteRunner.run(SuiteRunner.java:276)
	at org.testng.SuiteRunnerWorker.runSuite(SuiteRunnerWorker.java:53)
	at org.testng.SuiteRunnerWorker.run(SuiteRunnerWorker.java:96)
	at org.testng.TestNG.runSuitesSequentially(TestNG.java:1212)
	at org.testng.TestNG.runSuitesLocally(TestNG.java:1134)
	at org.testng.TestNG.runSuites(TestNG.java:1063)
	at org.testng.TestNG.run(TestNG.java:1031)
	at org.testng.remote.AbstractRemoteTestNG.run(AbstractRemoteTestNG.java:115)
	at org.testng.remote.RemoteTestNG.initAndRun(RemoteTestNG.java:251)
	at org.testng.remote.RemoteTestNG.main(RemoteTestNG.java:77)
</pre></div></td>
<td>9</td>
<td>com.scm.testscripts.patiquette.Manufacturer_stcTest@273e7444</td></tr>
<tr>
<td title='com.scm.testscripts.patiquette.Upadatestocks_STCTest.updatestocksTest()'><b>updatestocksTest</b><br>Test class: com.scm.testscripts.patiquette.Upadatestocks_STCTest<br/>
<a href="#Output-1558127130" onClick='toggleBox("Output-1558127130", this, "Show output", "Hide output");'>Show output</a>

<a href="#Output-1558127130" onClick="toggleAllBoxes();">Show all outputs</a>
<div class='log' id="Output-1558127130">
logged in as manufacturer<br/>
products page is displayed<br/>
manage stocks page is displayed<br/>
stock got upadted successfully<br/>
</div>
</td>
<td><div><pre>java.lang.AssertionError: The following asserts failed:
	expected [Add Product] but found [View Products],
	expected [Add Product] but found [Manage Stock]
	at com.scm.testscripts.patiquette.Upadatestocks_STCTest.updatestocksTest(Upadatestocks_STCTest.java:92)
	at java.base/java.util.ArrayList.forEach(ArrayList.java:1511)
... Removed 29 stack frames</pre></div><a href='#' onClick='toggleBox("stack-trace1558127130", this, "Click to show all stack frames", "Click to hide stack frames")'>Click to show all stack frames</a>
<div class='stack-trace' id='stack-trace1558127130'><pre>java.lang.AssertionError: The following asserts failed:
	expected [Add Product] but found [View Products],
	expected [Add Product] but found [Manage Stock]
	at org.testng.asserts.SoftAssert.assertAll(SoftAssert.java:47)
	at org.testng.asserts.SoftAssert.assertAll(SoftAssert.java:31)
	at com.scm.testscripts.patiquette.Upadatestocks_STCTest.updatestocksTest(Upadatestocks_STCTest.java:92)
	at java.base/jdk.internal.reflect.NativeMethodAccessorImpl.invoke0(Native Method)
	at java.base/jdk.internal.reflect.NativeMethodAccessorImpl.invoke(NativeMethodAccessorImpl.java:77)
	at java.base/jdk.internal.reflect.DelegatingMethodAccessorImpl.invoke(DelegatingMethodAccessorImpl.java:43)
	at java.base/java.lang.reflect.Method.invoke(Method.java:568)
	at org.testng.internal.MethodInvocationHelper.invokeMethod(MethodInvocationHelper.java:133)
	at org.testng.internal.TestInvoker.invokeMethod(TestInvoker.java:598)
	at org.testng.internal.TestInvoker.invokeTestMethod(TestInvoker.java:173)
	at org.testng.internal.MethodRunner.runInSequence(MethodRunner.java:46)
	at org.testng.internal.TestInvoker$MethodInvocationAgent.invoke(TestInvoker.java:824)
	at org.testng.internal.TestInvoker.invokeTestMethods(TestInvoker.java:146)
	at org.testng.internal.TestMethodWorker.invokeTestMethods(TestMethodWorker.java:146)
	at org.testng.internal.TestMethodWorker.run(TestMethodWorker.java:128)
	at java.base/java.util.ArrayList.forEach(ArrayList.java:1511)
	at org.testng.TestRunner.privateRun(TestRunner.java:794)
	at org.testng.TestRunner.run(TestRunner.java:596)
	at org.testng.SuiteRunner.runTest(SuiteRunner.java:377)
	at org.testng.SuiteRunner.runSequentially(SuiteRunner.java:371)
	at org.testng.SuiteRunner.privateRun(SuiteRunner.java:332)
	at org.testng.SuiteRunner.run(SuiteRunner.java:276)
	at org.testng.SuiteRunnerWorker.runSuite(SuiteRunnerWorker.java:53)
	at org.testng.SuiteRunnerWorker.run(SuiteRunnerWorker.java:96)
	at org.testng.TestNG.runSuitesSequentially(TestNG.java:1212)
	at org.testng.TestNG.runSuitesLocally(TestNG.java:1134)
	at org.testng.TestNG.runSuites(TestNG.java:1063)
	at org.testng.TestNG.run(TestNG.java:1031)
	at org.testng.remote.AbstractRemoteTestNG.run(AbstractRemoteTestNG.java:115)
	at org.testng.remote.RemoteTestNG.initAndRun(RemoteTestNG.java:251)
	at org.testng.remote.RemoteTestNG.main(RemoteTestNG.java:77)
</pre></div></td>
<td>9</td>
<td>com.scm.testscripts.patiquette.Upadatestocks_STCTest@7db12bb6</td></tr>
</table><p>
<table width='100%' border='1' class='invocation-passed'>
<tr><td colspan='4' align='center'><b>PASSED TESTS</b></td></tr>
<tr><td><b>Test method</b></td>
<td width="30%"><b>Exception</b></td>
<td width="10%"><b>Time (seconds)</b></td>
<td><b>Instance</b></td>
</tr>
<tr>
<td title='com.scm.testscripts.patiquette.CreateretailerTest.createretailerTest()'><b>createretailerTest</b><br>Test class: com.scm.testscripts.patiquette.CreateretailerTest<br/>
<a href="#Output-1096259059" onClick='toggleBox("Output-1096259059", this, "Show output", "Hide output");'>Show output</a>

<a href="#Output-1096259059" onClick="toggleAllBoxes();">Show all outputs</a>
<div class='log' id="Output-1096259059">
add retailer page is displayed<br/>
view retailer page is displayed<br/>
logout as admin<br/>
logged in as retailer<br/>
retailer logged in sucessfully<br/>
</div>
</td>
<td></td>
<td>5</td>
<td>com.scm.testscripts.patiquette.CreateretailerTest@48aca48b</td></tr>
<tr>
<td title='com.scm.testscripts.patiquette.PlaceorderTest.placeorder()'><b>placeorder</b><br>Test class: com.scm.testscripts.patiquette.PlaceorderTest<br/>
<a href="#Output-150255619" onClick='toggleBox("Output-150255619", this, "Show output", "Hide output");'>Show output</a>

<a href="#Output-150255619" onClick="toggleAllBoxes();">Show all outputs</a>
<div class='log' id="Output-150255619">
logout as admin<br/>
logged in as manufacturer<br/>
stock got upadted successfully<br/>
retailer logged in sucessfully<br/>
</div>
</td>
<td></td>
<td>10</td>
<td>com.scm.testscripts.patiquette.PlaceorderTest@783a467b</td></tr>
<tr>
<td title='com.scm.testscripts.patiquette.LoginadminTest.logintest()'><b>logintest</b><br>Test class: com.scm.testscripts.patiquette.LoginadminTest<br/>
<a href="#Output-542306453" onClick='toggleBox("Output-542306453", this, "Show output", "Hide output");'>Show output</a>

<a href="#Output-542306453" onClick="toggleAllBoxes();">Show all outputs</a>
<div class='log' id="Output-542306453">
http://rmgtestingserver/domain/Supply_Chain_Management/<br/>
admin<br/>
admin123<br/>
</div>
</td>
<td></td>
<td>0</td>
<td>com.scm.testscripts.patiquette.LoginadminTest@73e9cf30</td></tr>
<tr>
<td title='com.scm.testscripts.patiquette.SearchorderbydateTest.searchorder()'><b>searchorder</b><br>Test class: com.scm.testscripts.patiquette.SearchorderbydateTest<br/>
<a href="#Output-347042785" onClick='toggleBox("Output-347042785", this, "Show output", "Hide output");'>Show output</a>

<a href="#Output-347042785" onClick="toggleAllBoxes();">Show all outputs</a>
<div class='log' id="Output-347042785">
logged in as manufacturer<br/>
orders page is displayed<br/>
searched based on date<br/>
</div>
</td>
<td></td>
<td>4</td>
<td>com.scm.testscripts.patiquette.SearchorderbydateTest@272113c4</td></tr>
</table><p>
</body>
</html>